\BOOKMARK [1][-]{section.1}{\334berblick}{}% 1
\BOOKMARK [2][-]{subsection.1.1}{Motivation}{section.1}% 2
\BOOKMARK [2][-]{subsection.1.2}{MVP}{section.1}% 3
\BOOKMARK [2][-]{subsection.1.3}{Implementierungsstand}{section.1}% 4
\BOOKMARK [1][-]{section.2}{Architektur}{}% 5
\BOOKMARK [2][-]{subsection.2.1}{Containerisierung}{section.2}% 6
\BOOKMARK [2][-]{subsection.2.2}{Deployment}{section.2}% 7
\BOOKMARK [1][-]{section.3}{Techstack}{}% 8
\BOOKMARK [2][-]{subsection.3.1}{Frontend}{section.3}% 9
\BOOKMARK [2][-]{subsection.3.2}{Backend}{section.3}% 10
\BOOKMARK [2][-]{subsection.3.3}{Persistenz}{section.3}% 11
\BOOKMARK [1][-]{section.4}{Implementierung}{}% 12
\BOOKMARK [2][-]{subsection.4.1}{Frontend}{section.4}% 13
\BOOKMARK [2][-]{subsection.4.2}{Backend}{section.4}% 14
\BOOKMARK [3][-]{subsubsection.4.2.1}{Datenvalidierung\040und\040-speicherung}{subsection.4.2}% 15
\BOOKMARK [3][-]{subsubsection.4.2.2}{Session}{subsection.4.2}% 16
\BOOKMARK [2][-]{subsection.4.3}{Instagram-Account\040Analyse}{section.4}% 17
\BOOKMARK [2][-]{subsection.4.4}{Persistenz}{section.4}% 18
\BOOKMARK [1][-]{section.5}{Testen}{}% 19
\BOOKMARK [2][-]{subsection.5.1}{Frontend}{section.5}% 20
\BOOKMARK [2][-]{subsection.5.2}{Backend}{section.5}% 21
\BOOKMARK [1][-]{section.6}{Fazit\040und\040Ausblik}{}% 22
